This is pdfTeX, Version 3.14159265-2.6-1.40.19 (MiKTeX 2.9.6930 64-bit) (preloaded format=pdflatex 2019.1.12)  8 MAR 2019 20:15
entering extended mode
**./iodhbwm-hyperref.tex
(iodhbwm-hyperref.tex
LaTeX2e <2018-12-01>
(D:/Dokumente/LaTeX/localtexmf\tex/latex/iodhbwm\iodhbwm.cls
Document Class: iodhbwm 2018-12-20 v1.0 Inoffical DHBW Mannheim thesis class
("G:\MiKTeX 2.9\tex/latex/etoolbox\etoolbox.sty"
Package: etoolbox 2018/08/19 v2.5f e-TeX tools for LaTeX (JAW)
\etb@tempcnta=\count80
)
("G:\MiKTeX 2.9\tex/latex/pgfopts\pgfopts.sty"
Package: pgfopts 2014/07/10 v2.1a LaTeX package options with pgfkeys

("G:\MiKTeX 2.9\tex/latex/pgf/utilities\pgfkeys.sty"
("G:\MiKTeX 2.9\tex/generic/pgf/utilities\pgfkeys.code.tex"
\pgfkeys@pathtoks=\toks14
\pgfkeys@temptoks=\toks15

("G:\MiKTeX 2.9\tex/generic/pgf/utilities\pgfkeysfiltered.code.tex"
\pgfkeys@tmptoks=\toks16
)))
\pgfopts@list@add@a@toks=\toks17
\pgfopts@list@add@b@toks=\toks18
)
("G:\MiKTeX 2.9\tex/latex/koma-script\scrlfile.sty"
Package: scrlfile 2018/12/30 v3.26a KOMA-Script package (loading files)
)
("G:\MiKTeX 2.9\tex/latex/xstring\xstring.sty"
("G:\MiKTeX 2.9\tex/generic/xstring\xstring.tex"
\integerpart=\count81
\decimalpart=\count82
)
Package: xstring 2018/12/09 v1.81 String manipulations (CT)
)
("G:\MiKTeX 2.9\tex/latex/koma-script\scrreprt.cls"
Document Class: scrreprt 2018/12/30 v3.26a KOMA-Script document class (report)
("G:\MiKTeX 2.9\tex/latex/koma-script\scrkbase.sty"
Package: scrkbase 2018/12/30 v3.26a KOMA-Script package (KOMA-Script-dependent 
basics and keyval usage)

("G:\MiKTeX 2.9\tex/latex/koma-script\scrbase.sty"
Package: scrbase 2018/12/30 v3.26a KOMA-Script package (KOMA-Script-independent
 basics and keyval usage)

("G:\MiKTeX 2.9\tex/latex/graphics\keyval.sty"
Package: keyval 2014/10/28 v1.15 key=value parser (DPC)
\KV@toks@=\toks19
)))
("G:\MiKTeX 2.9\tex/latex/koma-script\tocbasic.sty"
Package: tocbasic 2018/12/30 v3.26a KOMA-Script package (handling toc-files)
\scr@dte@tocline@numberwidth=\skip41
\scr@dte@tocline@numbox=\box27
)
Package tocbasic Info: omitting babel extension for `toc'
(tocbasic)             because of feature `nobabel' available
(tocbasic)             for `toc' on input line 136.
Class scrreprt Info: File `scrsize12pt.clo' used to setup font sizes on input l
ine 2355.

("G:\MiKTeX 2.9\tex/latex/koma-script\scrsize12pt.clo"
File: scrsize12pt.clo 2018/12/30 v3.26a KOMA-Script font size class option (12p
t)
)
("G:\MiKTeX 2.9\tex/latex/koma-script\typearea.sty"
Package: typearea 2018/12/30 v3.26a KOMA-Script package (type area)
\ta@bcor=\skip42
\ta@div=\count83
\ta@hblk=\skip43
\ta@vblk=\skip44
\ta@temp=\skip45
\footheight=\skip46
Package typearea Info: These are the values describing the layout:
(typearea)             DIV  = 12
(typearea)             BCOR = 0.0pt
(typearea)             \paperwidth      = 597.50793pt
(typearea)              \textwidth      = 448.13095pt
(typearea)              DIV departure   = -6%
(typearea)              \evensidemargin = 2.4185pt
(typearea)              \oddsidemargin  = 2.4185pt
(typearea)             \paperheight     = 845.04694pt
(typearea)              \textheight     = 635.5pt
(typearea)              \topmargin      = -41.72441pt
(typearea)              \headheight     = 18.125pt
(typearea)              \headsep        = 21.75pt
(typearea)              \topskip        = 12.0pt
(typearea)              \footskip       = 50.75pt
(typearea)              \baselineskip   = 14.5pt
(typearea)              on input line 1714.
)
\c@part=\count84
\c@chapter=\count85
\c@section=\count86
\c@subsection=\count87
\c@subsubsection=\count88
\c@paragraph=\count89
\c@subparagraph=\count90
\scr@dte@chapter@maxnumwidth=\skip47
Class scrreprt Info: using compatibility default `afterindent=bysign'
(scrreprt)           for `\chapter on input line 5259.
\scr@dte@section@maxnumwidth=\skip48
Class scrreprt Info: using compatibility default `runin=bysign'
(scrreprt)           for `\section on input line 5269.
Class scrreprt Info: using compatibility default `afterindent=bysign'
(scrreprt)           for `\section on input line 5269.
\scr@dte@part@maxnumwidth=\skip49
Class scrreprt Info: using compatibility default `afterindent=true'
(scrreprt)           for `\part on input line 5278.
\scr@dte@subsection@maxnumwidth=\skip50
Class scrreprt Info: using compatibility default `runin=bysign'
(scrreprt)           for `\subsection on input line 5288.
Class scrreprt Info: using compatibility default `afterindent=bysign'
(scrreprt)           for `\subsection on input line 5288.
\scr@dte@subsubsection@maxnumwidth=\skip51
Class scrreprt Info: using compatibility default `runin=bysign'
(scrreprt)           for `\subsubsection on input line 5298.
Class scrreprt Info: using compatibility default `afterindent=bysign'
(scrreprt)           for `\subsubsection on input line 5298.
\scr@dte@paragraph@maxnumwidth=\skip52
Class scrreprt Info: using compatibility default `runin=bysign'
(scrreprt)           for `\paragraph on input line 5308.
Class scrreprt Info: using compatibility default `afterindent=bysign'
(scrreprt)           for `\paragraph on input line 5308.
\scr@dte@subparagraph@maxnumwidth=\skip53
Class scrreprt Info: using compatibility default `runin=bysign'
(scrreprt)           for `\subparagraph on input line 5318.
Class scrreprt Info: using compatibility default `afterindent=bysign'
(scrreprt)           for `\subparagraph on input line 5318.
\abovecaptionskip=\skip54
\belowcaptionskip=\skip55
\c@pti@nb@sid@b@x=\box28
Package tocbasic Info: omitting babel extension for `lof'
(tocbasic)             because of feature `nobabel' available
(tocbasic)             for `lof' on input line 6567.
\scr@dte@figure@maxnumwidth=\skip56
\c@figure=\count91
Package tocbasic Info: omitting babel extension for `lot'
(tocbasic)             because of feature `nobabel' available
(tocbasic)             for `lot' on input line 6584.
\scr@dte@table@maxnumwidth=\skip57
\c@table=\count92
Class scrreprt Info: Redefining `\numberline' on input line 6753.
\bibindent=\dimen102
)
("G:\MiKTeX 2.9\tex/generic/babel\babel.sty"
Package: babel 2018/11/13 3.27 The Babel package

("G:\MiKTeX 2.9\tex/generic/babel\switch.def"
File: switch.def 2018/11/13 3.27 Babel switching mechanism
)
*************************************
* Local config file bblopts.cfg used
*
("G:\MiKTeX 2.9\tex/latex/arabi\bblopts.cfg"
File: bblopts.cfg 2005/09/08 v0.1 add Arabic and Farsi to "declared" options of
 babel
)
("G:\MiKTeX 2.9\tex/latex/babel-german\ngerman.ldf"
Language: ngerman 2018/12/08 v2.11 German support for babel (post-1996 orthogra
phy)

("G:\MiKTeX 2.9\tex/latex/babel-german\ngermanb.ldf"
Language: ngermanb 2018/12/08 v2.11 German support for babel (post-1996 orthogr
aphy)

("G:\MiKTeX 2.9\tex/generic/babel\babel.def"
File: babel.def 2018/11/13 3.27 Babel common definitions
\babel@savecnt=\count93
\U@D=\dimen103

("G:\MiKTeX 2.9\tex/generic/babel\txtbabel.def")
\bbl@dirlevel=\count94
)
Package babel Info: Making " an active character on input line 121.
)))
("G:\MiKTeX 2.9\tex/latex/csquotes\csquotes.sty"
Package: csquotes 2018/04/13 v5.2d context-sensitive quotations (JAW)
\csq@reset=\count95
\csq@gtype=\count96
\csq@glevel=\count97
\csq@qlevel=\count98
\csq@maxlvl=\count99
\csq@tshold=\count100
\csq@ltx@everypar=\toks20

("G:\MiKTeX 2.9\tex/latex/csquotes\csquotes.def"
File: csquotes.def 2018/04/13 v5.2d csquotes generic definitions (JAW)
)
Package csquotes Info: Trying to load configuration file 'csquotes.cfg'...
Package csquotes Info: ... configuration file loaded successfully.

("G:\MiKTeX 2.9\tex/latex/csquotes\csquotes.cfg"
File: csquotes.cfg 
)
Package csquotes Info: Enabling multilingual quotes.
)
("G:\MiKTeX 2.9\tex/latex/lm\lmodern.sty"
Package: lmodern 2009/10/30 v1.6 Latin Modern Fonts
LaTeX Font Info:    Overwriting symbol font `operators' in version `normal'
(Font)                  OT1/cmr/m/n --> OT1/lmr/m/n on input line 22.
LaTeX Font Info:    Overwriting symbol font `letters' in version `normal'
(Font)                  OML/cmm/m/it --> OML/lmm/m/it on input line 23.
LaTeX Font Info:    Overwriting symbol font `symbols' in version `normal'
(Font)                  OMS/cmsy/m/n --> OMS/lmsy/m/n on input line 24.
LaTeX Font Info:    Overwriting symbol font `largesymbols' in version `normal'
(Font)                  OMX/cmex/m/n --> OMX/lmex/m/n on input line 25.
LaTeX Font Info:    Overwriting symbol font `operators' in version `bold'
(Font)                  OT1/cmr/bx/n --> OT1/lmr/bx/n on input line 26.
LaTeX Font Info:    Overwriting symbol font `letters' in version `bold'
(Font)                  OML/cmm/b/it --> OML/lmm/b/it on input line 27.
LaTeX Font Info:    Overwriting symbol font `symbols' in version `bold'
(Font)                  OMS/cmsy/b/n --> OMS/lmsy/b/n on input line 28.
LaTeX Font Info:    Overwriting symbol font `largesymbols' in version `bold'
(Font)                  OMX/cmex/m/n --> OMX/lmex/m/n on input line 29.
LaTeX Font Info:    Overwriting math alphabet `\mathbf' in version `normal'
(Font)                  OT1/cmr/bx/n --> OT1/lmr/bx/n on input line 31.
LaTeX Font Info:    Overwriting math alphabet `\mathsf' in version `normal'
(Font)                  OT1/cmss/m/n --> OT1/lmss/m/n on input line 32.
LaTeX Font Info:    Overwriting math alphabet `\mathit' in version `normal'
(Font)                  OT1/cmr/m/it --> OT1/lmr/m/it on input line 33.
LaTeX Font Info:    Overwriting math alphabet `\mathtt' in version `normal'
(Font)                  OT1/cmtt/m/n --> OT1/lmtt/m/n on input line 34.
LaTeX Font Info:    Overwriting math alphabet `\mathbf' in version `bold'
(Font)                  OT1/cmr/bx/n --> OT1/lmr/bx/n on input line 35.
LaTeX Font Info:    Overwriting math alphabet `\mathsf' in version `bold'
(Font)                  OT1/cmss/bx/n --> OT1/lmss/bx/n on input line 36.
LaTeX Font Info:    Overwriting math alphabet `\mathit' in version `bold'
(Font)                  OT1/cmr/bx/it --> OT1/lmr/bx/it on input line 37.
LaTeX Font Info:    Overwriting math alphabet `\mathtt' in version `bold'
(Font)                  OT1/cmtt/m/n --> OT1/lmtt/m/n on input line 38.
)
("G:\MiKTeX 2.9\tex/latex/microtype\microtype.sty"
Package: microtype 2018/01/14 v2.7a Micro-typographical refinements (RS)
\MT@toks=\toks21
\MT@count=\count101
LaTeX Info: Redefining \textls on input line 793.
\MT@outer@kern=\dimen104
LaTeX Info: Redefining \textmicrotypecontext on input line 1339.
\MT@listname@count=\count102

("G:\MiKTeX 2.9\tex/latex/microtype\microtype-pdftex.def"
File: microtype-pdftex.def 2018/01/14 v2.7a Definitions specific to pdftex (RS)

LaTeX Info: Redefining \lsstyle on input line 913.
LaTeX Info: Redefining \lslig on input line 913.
\MT@outer@space=\skip58
)
Package microtype Info: Loading configuration file microtype.cfg.

("G:\MiKTeX 2.9\tex/latex/microtype\microtype.cfg"
File: microtype.cfg 2018/01/14 v2.7a microtype main configuration file (RS)
))
("G:\MiKTeX 2.9\tex/latex/koma-script\scrhack.sty"
Package: scrhack 2018/12/30 v3.26a KOMA-Script package 

("G:\MiKTeX 2.9\tex/latex/xpatch\xpatch.sty"
("G:\MiKTeX 2.9\tex/latex/l3kernel\expl3.sty"
Package: expl3 2019-01-01 L3 programming layer (loader) 

("G:\MiKTeX 2.9\tex/latex/l3kernel\expl3-code.tex"
Package: expl3 2019-01-01 L3 programming layer (code)
\c_max_int=\count103
\l_tmpa_int=\count104
\l_tmpb_int=\count105
\g_tmpa_int=\count106
\g_tmpb_int=\count107
\g__kernel_prg_map_int=\count108
\c_log_iow=\count109
\l_iow_line_count_int=\count110
\l__iow_line_target_int=\count111
\l__iow_one_indent_int=\count112
\l__iow_indent_int=\count113
\c_zero_dim=\dimen105
\c_max_dim=\dimen106
\l_tmpa_dim=\dimen107
\l_tmpb_dim=\dimen108
\g_tmpa_dim=\dimen109
\g_tmpb_dim=\dimen110
\c_zero_skip=\skip59
\c_max_skip=\skip60
\l_tmpa_skip=\skip61
\l_tmpb_skip=\skip62
\g_tmpa_skip=\skip63
\g_tmpb_skip=\skip64
\c_zero_muskip=\muskip10
\c_max_muskip=\muskip11
\l_tmpa_muskip=\muskip12
\l_tmpb_muskip=\muskip13
\g_tmpa_muskip=\muskip14
\g_tmpb_muskip=\muskip15
\l_keys_choice_int=\count114
\l__intarray_loop_int=\count115
\c__intarray_sp_dim=\dimen111
\g__intarray_font_int=\count116
\c__fp_leading_shift_int=\count117
\c__fp_middle_shift_int=\count118
\c__fp_trailing_shift_int=\count119
\c__fp_big_leading_shift_int=\count120
\c__fp_big_middle_shift_int=\count121
\c__fp_big_trailing_shift_int=\count122
\c__fp_Bigg_leading_shift_int=\count123
\c__fp_Bigg_middle_shift_int=\count124
\c__fp_Bigg_trailing_shift_int=\count125
\c__kernel_randint_max_int=\count126
\g__fp_array_int=\count127
\l__fp_array_loop_int=\count128
\l__sort_length_int=\count129
\l__sort_min_int=\count130
\l__sort_top_int=\count131
\l__sort_max_int=\count132
\l__sort_true_max_int=\count133
\l__sort_block_int=\count134
\l__sort_begin_int=\count135
\l__sort_end_int=\count136
\l__sort_A_int=\count137
\l__sort_B_int=\count138
\l__sort_C_int=\count139
\l__tl_analysis_normal_int=\count140
\l__tl_analysis_index_int=\count141
\l__tl_analysis_nesting_int=\count142
\l__tl_analysis_type_int=\count143
\l__regex_internal_a_int=\count144
\l__regex_internal_b_int=\count145
\l__regex_internal_c_int=\count146
\l__regex_balance_int=\count147
\l__regex_group_level_int=\count148
\l__regex_mode_int=\count149
\c__regex_cs_in_class_mode_int=\count150
\c__regex_cs_mode_int=\count151
\l__regex_catcodes_int=\count152
\l__regex_default_catcodes_int=\count153
\c__regex_catcode_D_int=\count154
\c__regex_catcode_S_int=\count155
\c__regex_catcode_L_int=\count156
\c__regex_catcode_O_int=\count157
\c__regex_catcode_A_int=\count158
\c__regex_all_catcodes_int=\count159
\l__regex_show_lines_int=\count160
\l__regex_min_state_int=\count161
\l__regex_max_state_int=\count162
\l__regex_left_state_int=\count163
\l__regex_right_state_int=\count164
\l__regex_capturing_group_int=\count165
\l__regex_min_pos_int=\count166
\l__regex_max_pos_int=\count167
\l__regex_curr_pos_int=\count168
\l__regex_start_pos_int=\count169
\l__regex_success_pos_int=\count170
\l__regex_curr_char_int=\count171
\l__regex_curr_catcode_int=\count172
\l__regex_last_char_int=\count173
\l__regex_case_changed_char_int=\count174
\l__regex_curr_state_int=\count175
\l__regex_step_int=\count176
\l__regex_min_active_int=\count177
\l__regex_max_active_int=\count178
\l__regex_replacement_csnames_int=\count179
\l__regex_match_count_int=\count180
\l__regex_min_submatch_int=\count181
\l__regex_submatch_int=\count182
\l__regex_zeroth_submatch_int=\count183
\g__regex_trace_regex_int=\count184
\c_empty_box=\box29
\l_tmpa_box=\box30
\l_tmpb_box=\box31
\g_tmpa_box=\box32
\g_tmpb_box=\box33
\l__box_top_dim=\dimen112
\l__box_bottom_dim=\dimen113
\l__box_left_dim=\dimen114
\l__box_right_dim=\dimen115
\l__box_top_new_dim=\dimen116
\l__box_bottom_new_dim=\dimen117
\l__box_left_new_dim=\dimen118
\l__box_right_new_dim=\dimen119
\l__box_internal_box=\box34
\l__coffin_internal_box=\box35
\l__coffin_internal_dim=\dimen120
\l__coffin_offset_x_dim=\dimen121
\l__coffin_offset_y_dim=\dimen122
\l__coffin_x_dim=\dimen123
\l__coffin_y_dim=\dimen124
\l__coffin_x_prime_dim=\dimen125
\l__coffin_y_prime_dim=\dimen126
\c_empty_coffin=\box36
\l__coffin_aligned_coffin=\box37
\l__coffin_aligned_internal_coffin=\box38
\l_tmpa_coffin=\box39
\l_tmpb_coffin=\box40
\l__coffin_display_coffin=\box41
\l__coffin_display_coord_coffin=\box42
\l__coffin_display_pole_coffin=\box43
\l__coffin_display_offset_dim=\dimen127
\l__coffin_display_x_dim=\dimen128
\l__coffin_display_y_dim=\dimen129
\g__file_internal_ior=\read1
\l__coffin_bounding_shift_dim=\dimen130
\l__coffin_left_corner_dim=\dimen131
\l__coffin_right_corner_dim=\dimen132
\l__coffin_bottom_corner_dim=\dimen133
\l__coffin_top_corner_dim=\dimen134
\l__coffin_scaled_total_height_dim=\dimen135
\l__coffin_scaled_width_dim=\dimen136
\l__seq_internal_a_int=\count185
\l__seq_internal_b_int=\count186
)
("G:\MiKTeX 2.9\tex/latex/l3kernel\l3pdfmode.def"
File: l3pdfmode.def 2019-01-01 v L3 Experimental driver: PDF mode
\l__driver_color_stack_int=\count187
))
Package: xpatch 2012/10/02 v0.3 Extending etoolbox patching commands

("G:\MiKTeX 2.9\tex/latex/l3packages/xparse\xparse.sty"
Package: xparse 2018-10-17 L3 Experimental document command parser
\l__xparse_current_arg_int=\count188
\g__xparse_grabber_int=\count189
\l__xparse_m_args_int=\count190
\l__xparse_mandatory_args_int=\count191
\l__xparse_v_nesting_int=\count192
)))
("G:\MiKTeX 2.9\tex/latex/setspace\setspace.sty"
Package: setspace 2011/12/19 v6.7a set line spacing
)
Package scrhack Info: loading setspace hack on input line 184.

("G:\MiKTeX 2.9\tex/latex/koma-script\setspace.hak"
File: setspace.hak 2018/12/30 v3.26a KOMA-Script package (hacking package setsp
ace)
)
("G:\MiKTeX 2.9\tex/latex/mathtools\mathtools.sty"
Package: mathtools 2018/01/08 v1.21 mathematical typesetting tools

("G:\MiKTeX 2.9\tex/latex/tools\calc.sty"
Package: calc 2017/05/25 v4.3 Infix arithmetic (KKT,FJ)
\calc@Acount=\count193
\calc@Bcount=\count194
\calc@Adimen=\dimen137
\calc@Bdimen=\dimen138
\calc@Askip=\skip65
\calc@Bskip=\skip66
LaTeX Info: Redefining \setlength on input line 80.
LaTeX Info: Redefining \addtolength on input line 81.
\calc@Ccount=\count195
\calc@Cskip=\skip67
)
("G:\MiKTeX 2.9\tex/latex/mathtools\mhsetup.sty"
Package: mhsetup 2017/03/31 v1.3 programming setup (MH)
)
("G:\MiKTeX 2.9\tex/latex/amsmath\amsmath.sty"
Package: amsmath 2018/12/01 v2.17b AMS math features
\@mathmargin=\skip68

For additional information on amsmath, use the `?' option.
("G:\MiKTeX 2.9\tex/latex/amsmath\amstext.sty"
Package: amstext 2000/06/29 v2.01 AMS text

("G:\MiKTeX 2.9\tex/latex/amsmath\amsgen.sty"
File: amsgen.sty 1999/11/30 v2.0 generic functions
\@emptytoks=\toks22
\ex@=\dimen139
))
("G:\MiKTeX 2.9\tex/latex/amsmath\amsbsy.sty"
Package: amsbsy 1999/11/29 v1.2d Bold Symbols
\pmbraise@=\dimen140
)
("G:\MiKTeX 2.9\tex/latex/amsmath\amsopn.sty"
Package: amsopn 2016/03/08 v2.02 operator names
)
\inf@bad=\count196
LaTeX Info: Redefining \frac on input line 223.
\uproot@=\count197
\leftroot@=\count198
LaTeX Info: Redefining \overline on input line 385.
\classnum@=\count199
\DOTSCASE@=\count266
LaTeX Info: Redefining \ldots on input line 482.
LaTeX Info: Redefining \dots on input line 485.
LaTeX Info: Redefining \cdots on input line 606.
\Mathstrutbox@=\box44
\strutbox@=\box45
\big@size=\dimen141
LaTeX Font Info:    Redeclaring font encoding OML on input line 729.
LaTeX Font Info:    Redeclaring font encoding OMS on input line 730.
\macc@depth=\count267
\c@MaxMatrixCols=\count268
\dotsspace@=\muskip16
\c@parentequation=\count269
\dspbrk@lvl=\count270
\tag@help=\toks23
\row@=\count271
\column@=\count272
\maxfields@=\count273
\andhelp@=\toks24
\eqnshift@=\dimen142
\alignsep@=\dimen143
\tagshift@=\dimen144
\tagwidth@=\dimen145
\totwidth@=\dimen146
\lineht@=\dimen147
\@envbody=\toks25
\multlinegap=\skip69
\multlinetaggap=\skip70
\mathdisplay@stack=\toks26
LaTeX Info: Redefining \[ on input line 2844.
LaTeX Info: Redefining \] on input line 2845.
)
LaTeX Info: Thecontrolsequence`\('isalreadyrobust on input line 129.
LaTeX Info: Thecontrolsequence`\)'isalreadyrobust on input line 129.
LaTeX Info: Thecontrolsequence`\['isalreadyrobust on input line 129.
LaTeX Info: Thecontrolsequence`\]'isalreadyrobust on input line 129.
\g_MT_multlinerow_int=\count274
\l_MT_multwidth_dim=\dimen148
\origjot=\skip71
\l_MT_shortvdotswithinadjustabove_dim=\dimen149
\l_MT_shortvdotswithinadjustbelow_dim=\dimen150
\l_MT_above_intertext_sep=\dimen151
\l_MT_below_intertext_sep=\dimen152
\l_MT_above_shortintertext_sep=\dimen153
\l_MT_below_shortintertext_sep=\dimen154
)
("G:\MiKTeX 2.9\tex/latex/graphics\graphicx.sty"
Package: graphicx 2017/06/01 v1.1a Enhanced LaTeX Graphics (DPC,SPQR)

("G:\MiKTeX 2.9\tex/latex/graphics\graphics.sty"
Package: graphics 2017/06/25 v1.2c Standard LaTeX Graphics (DPC,SPQR)

("G:\MiKTeX 2.9\tex/latex/graphics\trig.sty"
Package: trig 2016/01/03 v1.10 sin cos tan (DPC)
)
("G:\MiKTeX 2.9\tex/latex/graphics-cfg\graphics.cfg"
File: graphics.cfg 2016/06/04 v1.11 sample graphics configuration
)
Package graphics Info: Driver file: pdftex.def on input line 99.

("G:\MiKTeX 2.9\tex/latex/graphics-def\pdftex.def"
File: pdftex.def 2018/01/08 v1.0l Graphics/color driver for pdftex
))
\Gin@req@height=\dimen155
\Gin@req@width=\dimen156
)
("G:\MiKTeX 2.9\tex/latex/tcolorbox\tcolorbox.sty"
Package: tcolorbox 2018/12/07 version 4.15 text color boxes

("G:\MiKTeX 2.9\tex/latex/pgf/basiclayer\pgf.sty"
("G:\MiKTeX 2.9\tex/latex/pgf/utilities\pgfrcs.sty"
("G:\MiKTeX 2.9\tex/generic/pgf/utilities\pgfutil-common.tex"
\pgfutil@everybye=\toks27
\pgfutil@tempdima=\dimen157
\pgfutil@tempdimb=\dimen158

("G:\MiKTeX 2.9\tex/generic/pgf/utilities\pgfutil-common-lists.tex"))
("G:\MiKTeX 2.9\tex/generic/pgf/utilities\pgfutil-latex.def"
\pgfutil@abb=\box46

("G:\MiKTeX 2.9\tex/latex/ms\everyshi.sty"
Package: everyshi 2001/05/15 v3.00 EveryShipout Package (MS)
))
("G:\MiKTeX 2.9\tex/generic/pgf/utilities\pgfrcs.code.tex"
("G:\MiKTeX 2.9\tex/generic/pgf\pgf.revision.tex")
Package: pgfrcs 2019/01/05 v3.1 (3.1)
))
Package: pgf 2019/01/05 v3.1 (3.1)

("G:\MiKTeX 2.9\tex/latex/pgf/basiclayer\pgfcore.sty"
("G:\MiKTeX 2.9\tex/latex/pgf/systemlayer\pgfsys.sty"
("G:\MiKTeX 2.9\tex/generic/pgf/systemlayer\pgfsys.code.tex"
Package: pgfsys 2019/01/05 v3.1 (3.1)

("G:\MiKTeX 2.9\tex/generic/pgf/utilities\pgfkeys.code.tex")
\pgf@x=\dimen159
\pgf@y=\dimen160
\pgf@xa=\dimen161
\pgf@ya=\dimen162
\pgf@xb=\dimen163
\pgf@yb=\dimen164
\pgf@xc=\dimen165
\pgf@yc=\dimen166
\w@pgf@writea=\write3
\r@pgf@reada=\read2
\c@pgf@counta=\count275
\c@pgf@countb=\count276
\c@pgf@countc=\count277
\c@pgf@countd=\count278
\t@pgf@toka=\toks28
\t@pgf@tokb=\toks29
\t@pgf@tokc=\toks30
\pgf@sys@id@count=\count279

("G:\MiKTeX 2.9\tex/generic/pgf/systemlayer\pgf.cfg"
File: pgf.cfg 2019/01/05 v3.1 (3.1)
)
Driver file for pgf: pgfsys-pdftex.def

("G:\MiKTeX 2.9\tex/generic/pgf/systemlayer\pgfsys-pdftex.def"
File: pgfsys-pdftex.def 2019/01/05 v3.1 (3.1)

("G:\MiKTeX 2.9\tex/generic/pgf/systemlayer\pgfsys-common-pdf.def"
File: pgfsys-common-pdf.def 2019/01/05 v3.1 (3.1)
)))
("G:\MiKTeX 2.9\tex/generic/pgf/systemlayer\pgfsyssoftpath.code.tex"
File: pgfsyssoftpath.code.tex 2019/01/05 v3.1 (3.1)
\pgfsyssoftpath@smallbuffer@items=\count280
\pgfsyssoftpath@bigbuffer@items=\count281
)
("G:\MiKTeX 2.9\tex/generic/pgf/systemlayer\pgfsysprotocol.code.tex"
File: pgfsysprotocol.code.tex 2019/01/05 v3.1 (3.1)
))
("G:\MiKTeX 2.9\tex/latex/xcolor\xcolor.sty"
Package: xcolor 2016/05/11 v2.12 LaTeX color extensions (UK)

("G:\MiKTeX 2.9\tex/latex/graphics-cfg\color.cfg"
File: color.cfg 2016/01/02 v1.6 sample color configuration
)
Package xcolor Info: Driver file: pdftex.def on input line 225.

("G:\MiKTeX 2.9\tex/latex/colortbl\colortbl.sty"
Package: colortbl 2018/12/12 v1.0d Color table columns (DPC)

("G:\MiKTeX 2.9\tex/latex/tools\array.sty"
Package: array 2018/12/30 v2.4k Tabular extension package (FMi)
\col@sep=\dimen167
\ar@mcellbox=\box47
\extrarowheight=\dimen168
\NC@list=\toks31
\extratabsurround=\skip72
\backup@length=\skip73
\ar@cellbox=\box48
)
\everycr=\toks32
\minrowclearance=\skip74
)
\rownum=\count282
Package xcolor Info: Model `cmy' substituted by `cmy0' on input line 1348.
Package xcolor Info: Model `hsb' substituted by `rgb' on input line 1352.
Package xcolor Info: Model `RGB' extended on input line 1364.
Package xcolor Info: Model `HTML' substituted by `rgb' on input line 1366.
Package xcolor Info: Model `Hsb' substituted by `hsb' on input line 1367.
Package xcolor Info: Model `tHsb' substituted by `hsb' on input line 1368.
Package xcolor Info: Model `HSB' substituted by `hsb' on input line 1369.
Package xcolor Info: Model `Gray' substituted by `gray' on input line 1370.
Package xcolor Info: Model `wave' substituted by `hsb' on input line 1371.

("G:\MiKTeX 2.9\tex/latex/graphics\dvipsnam.def"
File: dvipsnam.def 2016/06/17 v3.0m Driver-dependent file (DPC,SPQR)
))
("G:\MiKTeX 2.9\tex/generic/pgf/basiclayer\pgfcore.code.tex"
Package: pgfcore 2019/01/05 v3.1 (3.1)

("G:\MiKTeX 2.9\tex/generic/pgf/math\pgfmath.code.tex"
("G:\MiKTeX 2.9\tex/generic/pgf/math\pgfmathcalc.code.tex"
("G:\MiKTeX 2.9\tex/generic/pgf/math\pgfmathutil.code.tex")
("G:\MiKTeX 2.9\tex/generic/pgf/math\pgfmathparser.code.tex"
\pgfmath@dimen=\dimen169
\pgfmath@count=\count283
\pgfmath@box=\box49
\pgfmath@toks=\toks33
\pgfmath@stack@operand=\toks34
\pgfmath@stack@operation=\toks35
)
("G:\MiKTeX 2.9\tex/generic/pgf/math\pgfmathfunctions.code.tex"
("G:\MiKTeX 2.9\tex/generic/pgf/math\pgfmathfunctions.basic.code.tex")
("G:\MiKTeX 2.9\tex/generic/pgf/math\pgfmathfunctions.trigonometric.code.tex")
("G:\MiKTeX 2.9\tex/generic/pgf/math\pgfmathfunctions.random.code.tex")
("G:\MiKTeX 2.9\tex/generic/pgf/math\pgfmathfunctions.comparison.code.tex")
("G:\MiKTeX 2.9\tex/generic/pgf/math\pgfmathfunctions.base.code.tex")
("G:\MiKTeX 2.9\tex/generic/pgf/math\pgfmathfunctions.round.code.tex")
("G:\MiKTeX 2.9\tex/generic/pgf/math\pgfmathfunctions.misc.code.tex")
("G:\MiKTeX 2.9\tex/generic/pgf/math\pgfmathfunctions.integerarithmetics.code.t
ex"))) ("G:\MiKTeX 2.9\tex/generic/pgf/math\pgfmathfloat.code.tex"
\c@pgfmathroundto@lastzeros=\count284
))
("G:\MiKTeX 2.9\tex/generic/pgf/basiclayer\pgfcorepoints.code.tex"
File: pgfcorepoints.code.tex 2019/01/05 v3.1 (3.1)
\pgf@picminx=\dimen170
\pgf@picmaxx=\dimen171
\pgf@picminy=\dimen172
\pgf@picmaxy=\dimen173
\pgf@pathminx=\dimen174
\pgf@pathmaxx=\dimen175
\pgf@pathminy=\dimen176
\pgf@pathmaxy=\dimen177
\pgf@xx=\dimen178
\pgf@xy=\dimen179
\pgf@yx=\dimen180
\pgf@yy=\dimen181
\pgf@zx=\dimen182
\pgf@zy=\dimen183
)
("G:\MiKTeX 2.9\tex/generic/pgf/basiclayer\pgfcorepathconstruct.code.tex"
File: pgfcorepathconstruct.code.tex 2019/01/05 v3.1 (3.1)
\pgf@path@lastx=\dimen184
\pgf@path@lasty=\dimen185
)
("G:\MiKTeX 2.9\tex/generic/pgf/basiclayer\pgfcorepathusage.code.tex"
File: pgfcorepathusage.code.tex 2019/01/05 v3.1 (3.1)
\pgf@shorten@end@additional=\dimen186
\pgf@shorten@start@additional=\dimen187
)
("G:\MiKTeX 2.9\tex/generic/pgf/basiclayer\pgfcorescopes.code.tex"
File: pgfcorescopes.code.tex 2019/01/05 v3.1 (3.1)
\pgfpic=\box50
\pgf@hbox=\box51
\pgf@layerbox@main=\box52
\pgf@picture@serial@count=\count285
)
("G:\MiKTeX 2.9\tex/generic/pgf/basiclayer\pgfcoregraphicstate.code.tex"
File: pgfcoregraphicstate.code.tex 2019/01/05 v3.1 (3.1)
\pgflinewidth=\dimen188
)
("G:\MiKTeX 2.9\tex/generic/pgf/basiclayer\pgfcoretransformations.code.tex"
File: pgfcoretransformations.code.tex 2019/01/05 v3.1 (3.1)
\pgf@pt@x=\dimen189
\pgf@pt@y=\dimen190
\pgf@pt@temp=\dimen191
)
("G:\MiKTeX 2.9\tex/generic/pgf/basiclayer\pgfcorequick.code.tex"
File: pgfcorequick.code.tex 2019/01/05 v3.1 (3.1)
)
("G:\MiKTeX 2.9\tex/generic/pgf/basiclayer\pgfcoreobjects.code.tex"
File: pgfcoreobjects.code.tex 2019/01/05 v3.1 (3.1)
)
("G:\MiKTeX 2.9\tex/generic/pgf/basiclayer\pgfcorepathprocessing.code.tex"
File: pgfcorepathprocessing.code.tex 2019/01/05 v3.1 (3.1)
)
("G:\MiKTeX 2.9\tex/generic/pgf/basiclayer\pgfcorearrows.code.tex"
File: pgfcorearrows.code.tex 2019/01/05 v3.1 (3.1)
\pgfarrowsep=\dimen192
)
("G:\MiKTeX 2.9\tex/generic/pgf/basiclayer\pgfcoreshade.code.tex"
File: pgfcoreshade.code.tex 2019/01/05 v3.1 (3.1)
\pgf@max=\dimen193
\pgf@sys@shading@range@num=\count286
)
("G:\MiKTeX 2.9\tex/generic/pgf/basiclayer\pgfcoreimage.code.tex"
File: pgfcoreimage.code.tex 2019/01/05 v3.1 (3.1)

("G:\MiKTeX 2.9\tex/generic/pgf/basiclayer\pgfcoreexternal.code.tex"
File: pgfcoreexternal.code.tex 2019/01/05 v3.1 (3.1)
\pgfexternal@startupbox=\box53
))
("G:\MiKTeX 2.9\tex/generic/pgf/basiclayer\pgfcorelayers.code.tex"
File: pgfcorelayers.code.tex 2019/01/05 v3.1 (3.1)
)
("G:\MiKTeX 2.9\tex/generic/pgf/basiclayer\pgfcoretransparency.code.tex"
File: pgfcoretransparency.code.tex 2019/01/05 v3.1 (3.1)
)
("G:\MiKTeX 2.9\tex/generic/pgf/basiclayer\pgfcorepatterns.code.tex"
File: pgfcorepatterns.code.tex 2019/01/05 v3.1 (3.1)
)
("G:\MiKTeX 2.9\tex/generic/pgf/basiclayer\pgfcorerdf.code.tex"
File: pgfcorerdf.code.tex 2019/01/05 v3.1 (3.1)
)))
("G:\MiKTeX 2.9\tex/generic/pgf/modules\pgfmoduleshapes.code.tex"
File: pgfmoduleshapes.code.tex 2019/01/05 v3.1 (3.1)
\pgfnodeparttextbox=\box54
)
("G:\MiKTeX 2.9\tex/generic/pgf/modules\pgfmoduleplot.code.tex"
File: pgfmoduleplot.code.tex 2019/01/05 v3.1 (3.1)
)
("G:\MiKTeX 2.9\tex/latex/pgf/compatibility\pgfcomp-version-0-65.sty"
Package: pgfcomp-version-0-65 2019/01/05 v3.1 (3.1)
\pgf@nodesepstart=\dimen194
\pgf@nodesepend=\dimen195
)
("G:\MiKTeX 2.9\tex/latex/pgf/compatibility\pgfcomp-version-1-18.sty"
Package: pgfcomp-version-1-18 2019/01/05 v3.1 (3.1)
))
("G:\MiKTeX 2.9\tex/latex/tools\verbatim.sty"
Package: verbatim 2014/10/28 v1.5q LaTeX2e package for verbatim enhancements
\every@verbatim=\toks36
\verbatim@line=\toks37
\verbatim@in@stream=\read3
)
("G:\MiKTeX 2.9\tex/latex/environ\environ.sty"
Package: environ 2014/05/04 v0.3 A new way to define environments

("G:\MiKTeX 2.9\tex/latex/trimspaces\trimspaces.sty"
Package: trimspaces 2009/09/17 v1.1 Trim spaces around a token list
))
\tcb@titlebox=\box55
\tcb@upperbox=\box56
\tcb@lowerbox=\box57
\tcb@phantombox=\box58
\c@tcbbreakpart=\count287
\c@tcblayer=\count288
\tcolorbox@number=\count289
\tcb@temp=\box59
\tcb@temp=\box60
\tcb@temp=\box61
\tcb@temp=\box62
\tcb@out=\write4
\tcb@record@out=\write5

("G:\MiKTeX 2.9\tex/latex/tcolorbox\tcbraster.code.tex"
Library (tcolorbox): 'tcbraster.code.tex' version '4.15'
\c@tcbrastercolumn=\count290
\c@tcbrasterrow=\count291
\c@tcbraster=\count292
) ("G:\MiKTeX 2.9\tex/latex/tcolorbox\tcbskins.code.tex"
Library (tcolorbox): 'tcbskins.code.tex' version '4.15'
("G:\MiKTeX 2.9\tex/latex/pgf/frontendlayer\tikz.sty"
("G:\MiKTeX 2.9\tex/latex/pgf/utilities\pgffor.sty"
("G:\MiKTeX 2.9\tex/latex/pgf/math\pgfmath.sty"
("G:\MiKTeX 2.9\tex/generic/pgf/math\pgfmath.code.tex"))
("G:\MiKTeX 2.9\tex/generic/pgf/utilities\pgffor.code.tex"
Package: pgffor 2019/01/05 v3.1 (3.1)

("G:\MiKTeX 2.9\tex/generic/pgf/math\pgfmath.code.tex")
\pgffor@iter=\dimen196
\pgffor@skip=\dimen197
\pgffor@stack=\toks38
\pgffor@toks=\toks39
))
("G:\MiKTeX 2.9\tex/generic/pgf/frontendlayer/tikz\tikz.code.tex"
Package: tikz 2019/01/05 v3.1 (3.1)

("G:\MiKTeX 2.9\tex/generic/pgf/libraries\pgflibraryplothandlers.code.tex"
File: pgflibraryplothandlers.code.tex 2019/01/05 v3.1 (3.1)
\pgf@plot@mark@count=\count293
\pgfplotmarksize=\dimen198
)
\tikz@lastx=\dimen199
\tikz@lasty=\dimen256
\tikz@lastxsaved=\dimen257
\tikz@lastysaved=\dimen258
\tikzleveldistance=\dimen259
\tikzsiblingdistance=\dimen260
\tikz@figbox=\box63
\tikz@figbox@bg=\box64
\tikz@tempbox=\box65
\tikz@tempbox@bg=\box66
\tikztreelevel=\count294
\tikznumberofchildren=\count295
\tikznumberofcurrentchild=\count296
\tikz@fig@count=\count297

("G:\MiKTeX 2.9\tex/generic/pgf/modules\pgfmodulematrix.code.tex"
File: pgfmodulematrix.code.tex 2019/01/05 v3.1 (3.1)
\pgfmatrixcurrentrow=\count298
\pgfmatrixcurrentcolumn=\count299
\pgf@matrix@numberofcolumns=\count300
)
\tikz@expandcount=\count301

("G:\MiKTeX 2.9\tex/generic/pgf/frontendlayer/tikz/libraries\tikzlibrarytopaths
.code.tex"
File: tikzlibrarytopaths.code.tex 2019/01/05 v3.1 (3.1)
)))
\tcb@waterbox=\box67
 ("G:\MiKTeX 2.9\tex/latex/tcolorbox\tcbskinsjigsaw.code.tex"
Library (tcolorbox): 'tcbskinsjigsaw.code.tex' version '4.15'
)) ("G:\MiKTeX 2.9\tex/latex/tcolorbox\tcbbreakable.code.tex"
Library (tcolorbox): 'tcbbreakable.code.tex' version '4.15'
\tcb@testbox=\box68
\tcb@totalupperbox=\box69
\tcb@totallowerbox=\box70
) ("G:\MiKTeX 2.9\tex/latex/tcolorbox\tcbhooks.code.tex"
Library (tcolorbox): 'tcbhooks.code.tex' version '4.15'
) ("G:\MiKTeX 2.9\tex/latex/tcolorbox\tcbtheorems.code.tex"
Library (tcolorbox): 'tcbtheorems.code.tex' version '4.15'
) ("G:\MiKTeX 2.9\tex/latex/tcolorbox\tcbfitting.code.tex"
Library (tcolorbox): 'tcbfitting.code.tex' version '4.15'
\tcbfitdim=\dimen261
\tcb@lowerfitdim=\dimen262
\tcb@upperfitdim=\dimen263
\tcb@cur@hbadness=\count302
) ("G:\MiKTeX 2.9\tex/latex/tcolorbox\tcbxparse.code.tex"
Library (tcolorbox): 'tcbxparse.code.tex' version '4.15'
) ("G:\MiKTeX 2.9\tex/latex/tcolorbox\tcblistingsutf8.code.tex"
Library (tcolorbox): 'tcblistingsutf8.code.tex' version '4.15'
("G:\MiKTeX 2.9\tex/latex/oberdiek\listingsutf8.sty"
Package: listingsutf8 2016/05/16 v1.3 Allow UTF-8 in listings input (HO)

("G:\MiKTeX 2.9\tex/latex/listings\listings.sty"
\lst@mode=\count303
\lst@gtempboxa=\box71
\lst@token=\toks40
\lst@length=\count304
\lst@currlwidth=\dimen264
\lst@column=\count305
\lst@pos=\count306
\lst@lostspace=\dimen265
\lst@width=\dimen266
\lst@newlines=\count307
\lst@lineno=\count308
\lst@maxwidth=\dimen267

("G:\MiKTeX 2.9\tex/latex/listings\lstmisc.sty"
File: lstmisc.sty 2018/09/02 1.7 (Carsten Heinz)
\c@lstnumber=\count309
\lst@skipnumbers=\count310
\lst@framebox=\box72
)
("G:\MiKTeX 2.9\tex/latex/listings\listings.cfg"
File: listings.cfg 2018/09/02 1.7 listings configuration
))
Package scrhack Info: loading listings hack on input line 101.

("G:\MiKTeX 2.9\tex/latex/koma-script\listings.hak"
File: listings.hak 2018/12/30 v3.26a KOMA-Script package (hacking package listi
ngs)
Package tocbasic Info: setting babel extension for `lol' on input line 137.
Package scrhack Info: redefining \lstlistoflistings on input line 137.
)
Package: listings 2018/09/02 1.7 (Carsten Heinz)

("G:\MiKTeX 2.9\tex/generic/oberdiek\pdftexcmds.sty"
Package: pdftexcmds 2018/09/10 v0.29 Utility functions of pdfTeX for LuaTeX (HO
)

("G:\MiKTeX 2.9\tex/generic/oberdiek\infwarerr.sty"
Package: infwarerr 2016/05/16 v1.4 Providing info/warning/error messages (HO)
)
("G:\MiKTeX 2.9\tex/generic/oberdiek\ifluatex.sty"
Package: ifluatex 2016/05/16 v1.4 Provides the ifluatex switch (HO)
Package ifluatex Info: LuaTeX not detected.
)
("G:\MiKTeX 2.9\tex/generic/oberdiek\ltxcmds.sty"
Package: ltxcmds 2016/05/16 v1.23 LaTeX kernel commands for general use (HO)
)
("G:\MiKTeX 2.9\tex/generic/oberdiek\ifpdf.sty"
Package: ifpdf 2018/09/07 v3.3 Provides the ifpdf switch
)
Package pdftexcmds Info: LuaTeX not detected.
Package pdftexcmds Info: \pdf@primitive is available.
Package pdftexcmds Info: \pdf@ifprimitive is available.
Package pdftexcmds Info: \pdfdraftmode found.
)
("G:\MiKTeX 2.9\tex/generic/oberdiek\stringenc.sty"
Package: stringenc 2016/05/16 v1.11 Convert strings between diff. encodings (HO
)

("G:\MiKTeX 2.9\tex/generic/oberdiek\pdfescape.sty"
Package: pdfescape 2016/05/16 v1.14 Implements pdfTeX's escape features (HO)
)))
("G:\MiKTeX 2.9\tex/latex/tcolorbox\tcblistings.code.tex"
Library (tcolorbox): 'tcblistings.code.tex' version '4.15'
("G:\MiKTeX 2.9\tex/latex/tcolorbox\tcblistingscore.code.tex"
Library (tcolorbox): 'tcblistingscore.code.tex' version '4.15'
("G:\MiKTeX 2.9\tex/latex/tcolorbox\tcbprocessing.code.tex"
Library (tcolorbox): 'tcbprocessing.code.tex' version '4.15'
("G:\MiKTeX 2.9\tex/latex/tools\shellesc.sty"
Package: shellesc 2016/06/07 v0.02a unified shell escape interface for LaTeX
Package shellesc Info: Restricted shell escape enabled on input line 69.
))
\c@tcblisting=\count311
)))
("G:\MiKTeX 2.9\tex/latex/tcolorbox\tcbexternal.code.tex"
Library (tcolorbox): 'tcbexternal.code.tex' version '4.15'
) ("G:\MiKTeX 2.9\tex/latex/tcolorbox\tcbmagazine.code.tex"
Library (tcolorbox): 'tcbmagazine.code.tex' version '4.15'
) ("G:\MiKTeX 2.9\tex/latex/tcolorbox\tcbvignette.code.tex"
Library (tcolorbox): 'tcbvignette.code.tex' version '4.15'

("G:\MiKTeX 2.9\tex/generic/pgf/frontendlayer/tikz/libraries\tikzlibraryfadings
.code.tex"
File: tikzlibraryfadings.code.tex 2019/01/05 v3.1 (3.1)
 ("G:\MiKTeX 2.9\tex/generic/pgf/libraries\pgflibraryfadings.code.tex"
File: pgflibraryfadings.code.tex 2019/01/05 v3.1 (3.1)
))) ("G:\MiKTeX 2.9\tex/latex/tcolorbox\tcbposter.code.tex"
Library (tcolorbox): 'tcbposter.code.tex' version '4.15'
)) ("G:\MiKTeX 2.9\tex/latex/tools\tabularx.sty"
Package: tabularx 2016/02/03 v2.11b `tabularx' package (DPC)
\TX@col@width=\dimen268
\TX@old@table=\dimen269
\TX@old@col=\dimen270
\TX@target=\dimen271
\TX@delta=\dimen272
\TX@cols=\count312
\TX@ftn=\toks41
)
("G:\MiKTeX 2.9\tex/latex/booktabs\booktabs.sty"
Package: booktabs 2005/04/14 v1.61803 publication quality tables
\heavyrulewidth=\dimen273
\lightrulewidth=\dimen274
\cmidrulewidth=\dimen275
\belowrulesep=\dimen276
\belowbottomsep=\dimen277
\aboverulesep=\dimen278
\abovetopsep=\dimen279
\cmidrulesep=\dimen280
\cmidrulekern=\dimen281
\defaultaddspace=\dimen282
\@cmidla=\count313
\@cmidlb=\count314
\@aboverulesep=\dimen283
\@belowrulesep=\dimen284
\@thisruleclass=\count315
\@lastruleclass=\count316
\@thisrulewidth=\dimen285
)
(D:/Dokumente/LaTeX/localtexmf\tex/latex/iodhbwm\iodhbwm-templates.sty
Package: iodhbwm-templates 2018-12-20 v1.0 Inoffical DHBW Mannheim thesis packa
ge

("G:\MiKTeX 2.9\tex/latex/caption\totalcount.sty"
Package: totalcount 2018/01/21 v1.0a Total values of counters (AR)
\c@totalcount@figure=\count317
\c@totalcount@table=\count318
)
iodhbwm patched \appendix successfully
Package tocbasic Info: setting babel extension for `atoc' on input line 409.
\scr@dte@appendix@maxnumwidth=\skip75
) ("G:\MiKTeX 2.9\tex/latex/geometry\geometry.sty"
Package: geometry 2018/04/16 v5.8 Page Geometry

("G:\MiKTeX 2.9\tex/generic/oberdiek\ifvtex.sty"
Package: ifvtex 2016/05/16 v1.6 Detect VTeX and its facilities (HO)
Package ifvtex Info: VTeX not detected.
)
("G:\MiKTeX 2.9\tex/generic/ifxetex\ifxetex.sty"
Package: ifxetex 2010/09/12 v0.6 Provides ifxetex conditional
)
\Gm@cnth=\count319
\Gm@cntv=\count320
\c@Gm@tempcnt=\count321
\Gm@bindingoffset=\dimen286
\Gm@wd@mp=\dimen287
\Gm@odd@mp=\dimen288
\Gm@even@mp=\dimen289
\Gm@layoutwidth=\dimen290
\Gm@layoutheight=\dimen291
\Gm@layouthoffset=\dimen292
\Gm@layoutvoffset=\dimen293
\Gm@dimlist=\toks42

("G:\MiKTeX 2.9\tex/latex/geometry\geometry.cfg"))
("G:\MiKTeX 2.9\tex/latex/koma-script\scrlayer-scrpage.sty"
Package: scrlayer-scrpage 2018/12/30 v3.26a KOMA-Script package (end user inter
face for scrlayer)

("G:\MiKTeX 2.9\tex/latex/koma-script\scrlayer.sty"
Package: scrlayer 2018/12/30 v3.26a KOMA-Script package (defining layers and pa
ge styles)
Package scrlayer Info: Using already defined \footheight
(scrlayer)             hoping, that this is a length and
(scrlayer)             not only a macro on input line 109.
Package scrlayer Info: patching LaTeX kernel macro \pagestyle on input line 208
3.
)
Package scrlayer-scrpage Info: Makeing stand-alone element `pagehead' from
(scrlayer-scrpage)             alias to `pageheadfoot' on input line 1241.
Package scrlayer-scrpage Info: deactivating warning for font element
(scrlayer-scrpage)             `pagefoot' on input line 1268.
)
Package scrlayer-scrpage Info: auto-selection of `pagestyleset=KOMA-Script'.

1: section
1: chapter
1: chapter
1: section
1: section
1: chapter
1: chapter
1: section
1: section
("G:\MiKTeX 2.9\tex/latex/siunitx\siunitx.sty"
Package: siunitx 2018/05/17 v2.7s A comprehensive (SI) units package

("G:\MiKTeX 2.9\tex/latex/l3packages/l3keys2e\l3keys2e.sty"
Package: l3keys2e 2018-10-17 LaTeX2e option processing using LaTeX3 keys
)
\l__siunitx_tmp_box=\box73
\l__siunitx_tmp_dim=\dimen294
\l__siunitx_tmp_int=\count322
\l__siunitx_number_mantissa_length_int=\count323
\l__siunitx_number_uncert_length_int=\count324
\l__siunitx_round_int=\count325
\l__siunitx_process_decimal_int=\count326
\l__siunitx_process_uncertainty_int=\count327
\l__siunitx_process_fixed_int=\count328
\l__siunitx_process_integer_min_int=\count329
\l__siunitx_process_precision_int=\count330
\l__siunitx_group_min_int=\count331
\l__siunitx_angle_marker_box=\box74
\l__siunitx_angle_unit_box=\box75
\l__siunitx_angle_marker_dim=\dimen295
\l__siunitx_angle_unit_dim=\dimen296
\l__siunitx_unit_int=\count332
\l__siunitx_unit_denominator_int=\count333
\l__siunitx_unit_numerator_int=\count334
\l__siunitx_unit_prefix_int=\count335
\l__siunitx_unit_prefix_base_int=\count336
\l__siunitx_unit_prefix_gram_int=\count337
\l__siunitx_number_product_int=\count338
\c__siunitx_one_fill_skip=\skip76
\l__siunitx_table_unit_align_skip=\skip77
\l__siunitx_table_exponent_dim=\dimen297
\l__siunitx_table_integer_dim=\dimen298
\l__siunitx_table_mantissa_dim=\dimen299
\l__siunitx_table_marker_dim=\dimen300
\l__siunitx_table_result_dim=\dimen301
\l__siunitx_table_uncert_dim=\dimen302
\l__siunitx_table_fill_pre_dim=\dimen303
\l__siunitx_table_fill_post_dim=\dimen304
\l__siunitx_table_fill_mid_dim=\dimen305
\l__siunitx_table_pre_box=\box76
\l__siunitx_table_post_box=\box77
\l__siunitx_table_mantissa_box=\box78
\l__siunitx_table_result_box=\box79
\l__siunitx_table_number_align_skip=\skip78
\l__siunitx_table_text_align_skip=\skip79

("G:\MiKTeX 2.9\tex/latex/translator\translator.sty"
Package: translator 2018/01/04 v1.12 Easy translation of strings in LaTeX
))
("G:\MiKTeX 2.9\tex/latex/oberdiek\auxhook.sty"
Package: auxhook 2016/05/16 v1.4 Hooks for auxiliary files (HO)
)
("G:\MiKTeX 2.9\tex/latex/caption\caption.sty"
Package: caption 2018/10/06 v3.3-154 Customizing captions (AR)

("G:\MiKTeX 2.9\tex/latex/caption\caption3.sty"
Package: caption3 2018/09/12 v1.8c caption3 kernel (AR)
Package caption3 Info: TeX engine: e-TeX on input line 64.
\captionmargin=\dimen306
\captionmargin@=\dimen307
\captionwidth=\dimen308
\caption@tempdima=\dimen309
\caption@indent=\dimen310
\caption@parindent=\dimen311
\caption@hangindent=\dimen312
)
Package caption Info: \setkeys{caption}{list-entry=default} on input line 117.
Package caption Info: \setkeys{caption}{parboxrestore=default} on input line 12
9.
Package caption Info: \setkeys{caption}{@minipage=default} on input line 134.
Package caption Info: \setkeys{caption}{FPlist=caption,FPref=figure} on input l
ine 194.
Package caption Info: \setkeys{caption}{hypcap=1,hypcapspace=.5\baselineskip } 
on input line 197.
Package caption Info: KOMA-Script document class.
Package caption Info: \setkeys{caption}{} on input line 289.
\c@caption@flags=\count339
\c@ContinuedFloat=\count340
Package caption Info: chkfloat package is not loaded (yet).
Package caption Info: float package is not loaded (yet).
Package caption Info: floatflt package is not loaded (yet).
Package caption Info: fltpage package is not loaded (yet).
Package caption Info: hyperref package is not loaded (yet).
Package caption Info: hypcap package is not loaded (yet).
Package caption Info: listings package is loaded.
Package caption Info: longtable package is not loaded (yet).
Package caption Info: picinpar package is not loaded (yet).
Package caption Info: picins package is not loaded (yet).
Package caption Info: rotating package is not loaded (yet).
Package caption Info: sidecap package is not loaded (yet).
Package caption Info: subfigure package is not loaded (yet).
Package caption Info: supertabular package is not loaded (yet).
Package caption Info: xtab package is not loaded (yet).
Package caption Info: threeparttable package is not loaded (yet).
Package caption Info: wrapfig package is not loaded (yet).
)
Package caption Info: \setkeys{caption}{format=hang, font=small, labelfont=bf }
 on input line 315.
Package caption Info: \setkeys{caption@fnt}{small} on input line 315.
Package caption Info: \setkeys{caption@fnt}{bf} on input line 315.

("G:\MiKTeX 2.9\tex/latex/blindtext\blindtext.sty"
Package: blindtext 2012/01/06 V2.0 blindtext-Package

("G:\MiKTeX 2.9\tex/latex/tools\xspace.sty"
Package: xspace 2014/10/28 v1.13 Space after command names (DPC,MH)
)
\c@blindtext=\count341
\c@Blindtext=\count342
\c@blind@countparstart=\count343
\blind@countxx=\count344
\blindtext@numBlindtext=\count345
\blind@countyy=\count346
\c@blindlist=\count347
\c@blindlistlevel=\count348
\c@blindlist@level=\count349
\blind@listitem=\count350
\c@blind@listcount=\count351
\c@blind@levelcount=\count352
\blind@mathformula=\count353
\blind@Mathformula=\count354
\c@blind@randomcount=\count355
\c@blind@randommax=\count356
\c@blind@pangramcount=\count357
\c@blind@pangrammax=\count358
)
("G:\MiKTeX 2.9\tex/latex/lipsum\lipsum.sty"
Package: lipsum 2019/01/02 v2.2 150 paragraphs of Lorem Ipsum dummy text

("G:\MiKTeX 2.9\tex/latex/lipsum\lipsum.ltd.tex"
File: lipsum.ltd.tex 2019/01/02 v2.2 The Lorem ipsum dummy text
)))
("G:\MiKTeX 2.9\tex/latex/base\fontenc.sty"
Package: fontenc 2018/08/11 v2.0j Standard LaTeX package

("G:\MiKTeX 2.9\tex/latex/base\t1enc.def"
File: t1enc.def 2018/08/11 v2.0j Standard LaTeX file
LaTeX Font Info:    Redeclaring font encoding T1 on input line 48.
))
Package csquotes Info: Checking for multilingual support...
Package csquotes Info: ... found 'babel' package.
Package scrhack Info: hyperref hack deactivated because of
(scrhack)             detection of KOMA-Script class, that doesn't
(scrhack)             need that hack, on input line 49.

("G:\MiKTeX 2.9\tex/latex/hyperref\hyperref.sty"
Package: hyperref 2018/11/30 v6.88e Hypertext links for LaTeX

("G:\MiKTeX 2.9\tex/generic/oberdiek\hobsub-hyperref.sty"
Package: hobsub-hyperref 2016/05/16 v1.14 Bundle oberdiek, subset hyperref (HO)


("G:\MiKTeX 2.9\tex/generic/oberdiek\hobsub-generic.sty"
Package: hobsub-generic 2016/05/16 v1.14 Bundle oberdiek, subset generic (HO)
Package: hobsub 2016/05/16 v1.14 Construct package bundles (HO)
Package hobsub Info: Skipping package `infwarerr' (already loaded).
Package hobsub Info: Skipping package `ltxcmds' (already loaded).
Package hobsub Info: Skipping package `ifluatex' (already loaded).
Package hobsub Info: Skipping package `ifvtex' (already loaded).
Package: intcalc 2016/05/16 v1.2 Expandable calculations with integers (HO)
Package hobsub Info: Skipping package `ifpdf' (already loaded).
Package: etexcmds 2016/05/16 v1.6 Avoid name clashes with e-TeX commands (HO)
Package: kvsetkeys 2016/05/16 v1.17 Key value parser (HO)
Package: kvdefinekeys 2016/05/16 v1.4 Define keys (HO)
Package hobsub Info: Skipping package `pdftexcmds' (already loaded).
Package hobsub Info: Skipping package `pdfescape' (already loaded).
Package: bigintcalc 2016/05/16 v1.4 Expandable calculations on big integers (HO
)
Package: bitset 2016/05/16 v1.2 Handle bit-vector datatype (HO)
Package: uniquecounter 2016/05/16 v1.3 Provide unlimited unique counter (HO)
)
Package hobsub Info: Skipping package `hobsub' (already loaded).
Package: letltxmacro 2016/05/16 v1.5 Let assignment for LaTeX macros (HO)
Package: hopatch 2016/05/16 v1.3 Wrapper for package hooks (HO)
Package: xcolor-patch 2016/05/16 xcolor patch
Package: atveryend 2016/05/16 v1.9 Hooks at the very end of document (HO)
Package: atbegshi 2016/06/09 v1.18 At begin shipout hook (HO)
Package: refcount 2016/05/16 v3.5 Data extraction from label references (HO)
Package: hycolor 2016/05/16 v1.8 Color options for hyperref/bookmark (HO)
)
("G:\MiKTeX 2.9\tex/latex/oberdiek\kvoptions.sty"
Package: kvoptions 2016/05/16 v3.12 Key value format for package options (HO)
)
\@linkdim=\dimen313
\Hy@linkcounter=\count359
\Hy@pagecounter=\count360

("G:\MiKTeX 2.9\tex/latex/hyperref\pd1enc.def"
File: pd1enc.def 2018/11/30 v6.88e Hyperref: PDFDocEncoding definition (HO)
Now handling font encoding PD1 ...
... no UTF-8 mapping file for font encoding PD1
)
\Hy@SavedSpaceFactor=\count361

("G:\MiKTeX 2.9\tex/latex/00miktex\hyperref.cfg"
File: hyperref.cfg 2002/06/06 v1.2 hyperref configuration of TeXLive
)
Package hyperref Info: Option `debug' set `true' on input line 4393.
Package hyperref Info: Hyper figures OFF on input line 4519.
Package hyperref Info: Link nesting OFF on input line 4524.
Package hyperref Info: Hyper index ON on input line 4527.
Package hyperref Info: Plain pages OFF on input line 4534.
Package hyperref Info: Backreferencing OFF on input line 4539.
Package hyperref Info: Implicit mode ON; LaTeX internals redefined.
Package hyperref Info: Bookmarks ON on input line 4772.
\c@Hy@tempcnt=\count362

("G:\MiKTeX 2.9\tex/latex/url\url.sty"
\Urlmuskip=\muskip17
Package: url 2013/09/16  ver 3.4  Verb mode for urls, etc.
)
LaTeX Info: Redefining \url on input line 5125.
\XeTeXLinkMargin=\dimen314
\Fld@menulength=\count363
\Field@Width=\dimen315
\Fld@charsize=\dimen316
Package hyperref Info: Hyper figures OFF on input line 6380.
Package hyperref Info: Link nesting OFF on input line 6385.
Package hyperref Info: Hyper index ON on input line 6388.
Package hyperref Info: backreferencing OFF on input line 6395.
Package hyperref Info: Link coloring OFF on input line 6400.
Package hyperref Info: Link coloring with OCG OFF on input line 6405.
Package hyperref Info: PDF/A mode OFF on input line 6410.
LaTeX Info: Redefining \ref on input line 6450.
LaTeX Info: Redefining \pageref on input line 6454.
\Hy@abspage=\count364
\c@Item=\count365
\c@Hfootnote=\count366
)
Package hyperref Info: Driver (autodetected): hpdftex.

("G:\MiKTeX 2.9\tex/latex/hyperref\hpdftex.def"
File: hpdftex.def 2018/11/30 v6.88e Hyperref driver for pdfTeX
\Fld@listcount=\count367
\c@bookmark@seq@number=\count368

("G:\MiKTeX 2.9\tex/latex/oberdiek\rerunfilecheck.sty"
Package: rerunfilecheck 2016/05/16 v1.8 Rerun checks for auxiliary files (HO)
Package uniquecounter Info: New unique counter `rerunfilecheck' on input line 2
82.
)
\Hy@SectionHShift=\skip80
)
("G:\MiKTeX 2.9\tex/latex/cleveref\cleveref.sty"
Package: cleveref 2018/03/27 v0.21.4 Intelligent cross-referencing
Package cleveref Info: `hyperref' support loaded on input line 2370.
LaTeX Info: Redefining \cref on input line 2370.
LaTeX Info: Redefining \Cref on input line 2370.
LaTeX Info: Redefining \crefrange on input line 2370.
LaTeX Info: Redefining \Crefrange on input line 2370.
LaTeX Info: Redefining \cpageref on input line 2370.
LaTeX Info: Redefining \Cpageref on input line 2370.
LaTeX Info: Redefining \cpagerefrange on input line 2370.
LaTeX Info: Redefining \Cpagerefrange on input line 2370.
LaTeX Info: Redefining \labelcref on input line 2370.
LaTeX Info: Redefining \labelcpageref on input line 2370.
Package cleveref Info: `listings' support loaded on input line 3131.
Package cleveref Info: include cross-reference names in hyperlinks on input lin
e 7836.
Package cleveref Info: no abbreviation of names on input line 7852.
Package cleveref Info: include cross-reference names in hyperlinks on input lin
e 7852.
)
Package hyperref Info: Option `pdftoolbar' set `true' on input line 49.
Package hyperref Info: Option `pdfmenubar' set `false' on input line 49.
Package hyperref Info: Option `bookmarksopen' set `false' on input line 49.
Package hyperref Info: Option `colorlinks' set `true' on input line 49.
 (iodhbwm-hyperref.aux)
\openout1 = `iodhbwm-hyperref.aux'.

LaTeX Font Info:    Checking defaults for OML/cmm/m/it on input line 49.
LaTeX Font Info:    ... okay on input line 49.
LaTeX Font Info:    Checking defaults for T1/cmr/m/n on input line 49.
LaTeX Font Info:    ... okay on input line 49.
LaTeX Font Info:    Checking defaults for OT1/cmr/m/n on input line 49.
LaTeX Font Info:    ... okay on input line 49.
LaTeX Font Info:    Checking defaults for OMS/cmsy/m/n on input line 49.
LaTeX Font Info:    ... okay on input line 49.
LaTeX Font Info:    Checking defaults for OMX/cmex/m/n on input line 49.
LaTeX Font Info:    ... okay on input line 49.
LaTeX Font Info:    Checking defaults for U/cmr/m/n on input line 49.
LaTeX Font Info:    ... okay on input line 49.
LaTeX Font Info:    Checking defaults for PD1/pdf/m/n on input line 49.
LaTeX Font Info:    ... okay on input line 49.
LaTeX Font Info:    Try loading font information for T1+lmr on input line 49.

("G:\MiKTeX 2.9\tex/latex/lm\t1lmr.fd"
File: t1lmr.fd 2009/10/30 v1.6 Font defs for Latin Modern
)
LaTeX Info: Redefining \microtypecontext on input line 49.
Package microtype Info: Generating PDF output.
Package microtype Info: Character protrusion enabled (level 2).
Package microtype Info: Using default protrusion set `alltext'.
Package microtype Info: Automatic font expansion enabled (level 2),
(microtype)             stretch: 20, shrink: 20, step: 1, non-selected.
Package microtype Info: Using default expansion set `basictext'.
Package microtype Info: No adjustment of tracking.
Package microtype Info: No adjustment of interword spacing.
Package microtype Info: No adjustment of character kerning.

("G:\MiKTeX 2.9\tex/latex/microtype\mt-cmr.cfg"
File: mt-cmr.cfg 2013/05/19 v2.2 microtype config. file: Computer Modern Roman 
(RS)
)
("G:\MiKTeX 2.9\tex/context/base\supp-pdf.mkii"
[Loading MPS to PDF converter (version 2006.09.02).]
\scratchcounter=\count369
\scratchdimen=\dimen317
\scratchbox=\box80
\nofMPsegments=\count370
\nofMParguments=\count371
\everyMPshowfont=\toks43
\MPscratchCnt=\count372
\MPscratchDim=\dimen318
\MPnumerator=\count373
\makeMPintoPDFobject=\count374
\everyMPtoPDFconversion=\toks44
) ("G:\MiKTeX 2.9\tex/latex/oberdiek\epstopdf-base.sty"
Package: epstopdf-base 2016/05/15 v2.6 Base part for package epstopdf

("G:\MiKTeX 2.9\tex/latex/oberdiek\grfext.sty"
Package: grfext 2016/05/16 v1.2 Manage graphics extensions (HO)
)
Package epstopdf-base Info: Redefining graphics rule for `.eps' on input line 4
38.
Package grfext Info: Graphics extension search list:
(grfext)             [.pdf,.png,.jpg,.mps,.jpeg,.jbig2,.jb2,.PDF,.PNG,.JPG,.JPE
G,.JBIG2,.JB2,.eps]
(grfext)             \AppendGraphicsExtensions on input line 456.
)
ABD: EveryShipout initializing macros
\c@lstlisting=\count375
Package scrhack Info: undefining \float@addtolists on input line 49.

("G:\MiKTeX 2.9\tex/latex/base\inputenc.sty"
Package: inputenc 2018/08/11 v1.3c Input encoding file
\inpenc@prehook=\toks45
\inpenc@posthook=\toks46
)
*geometry* driver: auto-detecting
*geometry* detected driver: pdftex
*geometry* verbose mode - [ preamble ] result:
* driver: pdftex
* paper: <default>
* layout: <same size as paper>
* layoutoffset:(h,v)=(0.0pt,0.0pt)
* bindingoffset: 28.45274pt
* modes: includehead includefoot 
* h-part:(L,W,R)=(71.13188pt, 426.79143pt, 71.13188pt)
* v-part:(T,H,B)=(85.35826pt, 674.33041pt, 85.35826pt)
* \paperwidth=597.50793pt
* \paperheight=845.04694pt
* \textwidth=426.79143pt
* \textheight=583.70541pt
* \oddsidemargin=27.31464pt
* \evensidemargin=-1.1381pt
* \topmargin=13.08827pt
* \headheight=18.125pt
* \headsep=21.75pt
* \topskip=12.0pt
* \footskip=50.75pt
* \marginparwidth=49.79233pt
* \marginparsep=12.8401pt
* \columnsep=10.0pt
* \skip\footins=10.8pt plus 4.0pt minus 2.0pt
* \hoffset=0.0pt
* \voffset=0.0pt
* \mag=1000
* \@twocolumnfalse
* \@twosidefalse
* \@mparswitchfalse
* \@reversemarginfalse
* (1in=72.27pt=25.4mm, 1cm=28.453pt)

Now handling font encoding TS1 ...
... processing UTF-8 mapping file for font encoding TS1
("G:\MiKTeX 2.9\tex/latex/base\ts1enc.dfu"
File: ts1enc.dfu 2018/10/05 v1.2f UTF-8 support for inputenc
   defining Unicode char U+00A2 (decimal 162)
   defining Unicode char U+00A3 (decimal 163)
   defining Unicode char U+00A4 (decimal 164)
   defining Unicode char U+00A5 (decimal 165)
   defining Unicode char U+00A6 (decimal 166)
   defining Unicode char U+00A7 (decimal 167)
   defining Unicode char U+00A8 (decimal 168)
   defining Unicode char U+00A9 (decimal 169)
   defining Unicode char U+00AA (decimal 170)
   defining Unicode char U+00AC (decimal 172)
   defining Unicode char U+00AE (decimal 174)
   defining Unicode char U+00AF (decimal 175)
   defining Unicode char U+00B0 (decimal 176)
   defining Unicode char U+00B1 (decimal 177)
   defining Unicode char U+00B2 (decimal 178)
   defining Unicode char U+00B3 (decimal 179)
   defining Unicode char U+00B4 (decimal 180)
   defining Unicode char U+00B5 (decimal 181)
   defining Unicode char U+00B6 (decimal 182)
   defining Unicode char U+00B7 (decimal 183)
   defining Unicode char U+00B9 (decimal 185)
   defining Unicode char U+00BA (decimal 186)
   defining Unicode char U+00BC (decimal 188)
   defining Unicode char U+00BD (decimal 189)
   defining Unicode char U+00BE (decimal 190)
   defining Unicode char U+00D7 (decimal 215)
   defining Unicode char U+00F7 (decimal 247)
   defining Unicode char U+0192 (decimal 402)
   defining Unicode char U+02C7 (decimal 711)
   defining Unicode char U+02D8 (decimal 728)
   defining Unicode char U+02DD (decimal 733)
   defining Unicode char U+0E3F (decimal 3647)
   defining Unicode char U+2016 (decimal 8214)
   defining Unicode char U+2020 (decimal 8224)
   defining Unicode char U+2021 (decimal 8225)
   defining Unicode char U+2022 (decimal 8226)
   defining Unicode char U+2030 (decimal 8240)
   defining Unicode char U+2031 (decimal 8241)
   defining Unicode char U+203B (decimal 8251)
   defining Unicode char U+203D (decimal 8253)
   defining Unicode char U+2044 (decimal 8260)
   defining Unicode char U+204E (decimal 8270)
   defining Unicode char U+2052 (decimal 8274)
   defining Unicode char U+20A1 (decimal 8353)
   defining Unicode char U+20A4 (decimal 8356)
   defining Unicode char U+20A6 (decimal 8358)
   defining Unicode char U+20A9 (decimal 8361)
   defining Unicode char U+20AB (decimal 8363)
   defining Unicode char U+20AC (decimal 8364)
   defining Unicode char U+20B1 (decimal 8369)
   defining Unicode char U+2103 (decimal 8451)
   defining Unicode char U+2116 (decimal 8470)
   defining Unicode char U+2117 (decimal 8471)
   defining Unicode char U+211E (decimal 8478)
   defining Unicode char U+2120 (decimal 8480)
   defining Unicode char U+2122 (decimal 8482)
   defining Unicode char U+2126 (decimal 8486)
   defining Unicode char U+2127 (decimal 8487)
   defining Unicode char U+212E (decimal 8494)
   defining Unicode char U+2190 (decimal 8592)
   defining Unicode char U+2191 (decimal 8593)
   defining Unicode char U+2192 (decimal 8594)
   defining Unicode char U+2193 (decimal 8595)
   defining Unicode char U+2329 (decimal 9001)
   defining Unicode char U+232A (decimal 9002)
   defining Unicode char U+2422 (decimal 9250)
   defining Unicode char U+25E6 (decimal 9702)
   defining Unicode char U+25EF (decimal 9711)
   defining Unicode char U+266A (decimal 9834)
   defining Unicode char U+FEFF (decimal 65279)
)
("G:\MiKTeX 2.9\tex/latex/translator\translator-basic-dictionary-English.dict"
Dictionary: translator-basic-dictionary, Language: English 
) ("G:\MiKTeX 2.9\tex/latex/siunitx\siunitx-abbreviations.cfg"
File: siunitx-abbreviations.cfg 2017/11/26 v2.7k siunitx: Abbreviated units
)
Package caption Info: Begin \AtBeginDocument code.
Package caption Info: hyperref package is loaded.
Package caption Info: End \AtBeginDocument code.
\AtBeginShipoutBox=\box81
Package hyperref Info: Link coloring ON on input line 49.

("G:\MiKTeX 2.9\tex/latex/hyperref\nameref.sty"
Package: nameref 2016/05/21 v2.44 Cross-referencing by name of section

("G:\MiKTeX 2.9\tex/generic/oberdiek\gettitlestring.sty"
Package: gettitlestring 2016/05/16 v1.5 Cleanup title references (HO)
)
\c@section@level=\count376
)
LaTeX Info: Redefining \ref on input line 49.
LaTeX Info: Redefining \pageref on input line 49.
LaTeX Info: Redefining \nameref on input line 49.

(iodhbwm-hyperref.out) (iodhbwm-hyperref.out)
\@outlinefile=\write6
\openout6 = `iodhbwm-hyperref.out'.

Package hyperref Info: Anchor `Doc-Start' on input line 49.
Class scrreprt Info: loading recommended package `bookmark'.
(scrreprt)           Using `bookmark' together with `hyperref' is recommended,
(scrreprt)           because of handling of possible bookmark level gaps.
(scrreprt)           You can avoid loading `bookmark' with KOMA-Script option
(scrreprt)           `bookmarkpackage=false' before \begin{document} and
(scrreprt)           you can avoid this message with `\usepackage{bookmark}'
(scrreprt)           before \begin{document} on input line 49.

("G:\MiKTeX 2.9\tex/latex/oberdiek\bookmark.sty"
Package: bookmark 2016/05/17 v1.26 PDF bookmarks (HO)

("G:\MiKTeX 2.9\tex/latex/oberdiek\bkm-pdftex.def"
File: bkm-pdftex.def 2016/05/17 v1.26 bookmark driver for pdfTeX (HO)
Package auxhook Info: \AddLineBeginMainAux comes a little late,
(auxhook)             because the main .aux file is already opened on input lin
e 164.
\BKM@id=\count377
))
Package hyperref Info: Option `pageanchor' set `false' on input line 49.
Package caption Info: \flushsubcaptionlistentries(chapter) on input line 49.
Package hyperref Info: Anchor `chapter*.1' on input line 49.
LaTeX Font Info:    Try loading font information for T1+lmss on input line 49.

("G:\MiKTeX 2.9\tex/latex/lm\t1lmss.fd"
File: t1lmss.fd 2009/10/30 v1.6 Font defs for Latin Modern
)
Package microtype Info: Loading generic protrusion settings for font family
(microtype)             `lmss' (encoding: T1).
(microtype)             For optimal results, create family-specific settings.
(microtype)             See the microtype manual for details.
Package tocbasic Info: character protrusion at toc deactivated on input line 49
.
 (iodhbwm-hyperref.toc
Package cleveref Info: loaded `ngerman' language definitions on input line 1.
Package hyperref Info: Reference (link) `chapter.1' on input line 4.
Package hyperref Info: Reference (link) `section.1.1' on input line 5.
LaTeX Font Info:    Try loading font information for OT1+lmr on input line 5.

("G:\MiKTeX 2.9\tex/latex/lm\ot1lmr.fd"
File: ot1lmr.fd 2009/10/30 v1.6 Font defs for Latin Modern
)
LaTeX Font Info:    Try loading font information for OML+lmm on input line 5.
 ("G:\MiKTeX 2.9\tex/latex/lm\omllmm.fd"
File: omllmm.fd 2009/10/30 v1.6 Font defs for Latin Modern
)
LaTeX Font Info:    Try loading font information for OMS+lmsy on input line 5.
 ("G:\MiKTeX 2.9\tex/latex/lm\omslmsy.fd"
File: omslmsy.fd 2009/10/30 v1.6 Font defs for Latin Modern
)
LaTeX Font Info:    Try loading font information for OMX+lmex on input line 5.

("G:\MiKTeX 2.9\tex/latex/lm\omxlmex.fd"
File: omxlmex.fd 2009/10/30 v1.6 Font defs for Latin Modern
)
LaTeX Font Info:    External font `lmex10' loaded for size
(Font)              <12> on input line 5.
LaTeX Font Info:    External font `lmex10' loaded for size
(Font)              <8> on input line 5.
LaTeX Font Info:    External font `lmex10' loaded for size
(Font)              <6> on input line 5.
Package hyperref Info: Reference (link) `subsection.1.1.1' on input line 6.
Package hyperref Info: Reference (link) `section.1.2' on input line 9.
Package hyperref Info: Reference (link) `subsection.1.2.1' on input line 10.
Package hyperref Info: Reference (link) `subsection.1.2.2' on input line 12.
Package hyperref Info: Reference (link) `subsection.1.2.3' on input line 14.
)
\tf@toc=\write7
\openout7 = `iodhbwm-hyperref.toc'.

 [1


{C:/Users/felix/AppData/Local/MiKTeX/2.9/pdftex/config/pdftex.map}
Package `hyperref' Info: End of reference (link) `chapter.1', line 4.
Package `hyperref' Info: End of reference (link) `section.1.1', line 5.
Package `hyperref' Info: End of reference (link) `subsection.1.1.1', line 6.
Package `hyperref' Info: End of reference (link) `section.1.2', line 9.
Package `hyperref' Info: End of reference (link) `subsection.1.2.1', line 10.
Package `hyperref' Info: End of reference (link) `subsection.1.2.2', line 12.
Package `hyperref' Info: End of reference (link) `subsection.1.2.3', line 14.
]
Package hyperref Info: Option `pageanchor' set `true' on input line 49.
LaTeX Font Info:    Try loading font information for OT1+lmss on input line 49.

 ("G:\MiKTeX 2.9\tex/latex/lm\ot1lmss.fd"
File: ot1lmss.fd 2009/10/30 v1.6 Font defs for Latin Modern
)
Package microtype Info: Loading generic protrusion settings for font family
(microtype)             `lmss' (encoding: OT1).
(microtype)             For optimal results, create family-specific settings.
(microtype)             See the microtype manual for details.
LaTeX Font Info:    Try loading font information for OT1+lmtt on input line 49.


("G:\MiKTeX 2.9\tex/latex/lm\ot1lmtt.fd"
File: ot1lmtt.fd 2009/10/30 v1.6 Font defs for Latin Modern
)
Package microtype Info: Loading generic protrusion settings for font family
(microtype)             `lmtt' (encoding: OT1).
(microtype)             For optimal results, create family-specific settings.
(microtype)             See the microtype manual for details.
Package caption Info: \flushsubcaptionlistentries(chapter) on input line 50.
Package hyperref Info: Anchor `chapter.1' on input line 50.

chapter 1.
Package hyperref Info: bookmark on input line 50:
(hyperref)             thecounter {1}
(hyperref)             text {\protect \numberline {\csname thechapter\endcsname
 }\@currenttocentry }
(hyperref)             reference {chapter.1}
(hyperref)             toclevel {0}
(hyperref)             type {toc}.
Package hyperref Info: Anchor `section.1.1' on input line 50.
Package hyperref Info: bookmark on input line 50:
(hyperref)             thecounter {1.1}
(hyperref)             text {\protect \numberline {\csname thesection\endcsname
 }\@currenttocentry }
(hyperref)             reference {section.1.1}
(hyperref)             toclevel {1}
(hyperref)             type {toc}.
Package hyperref Info: Anchor `page.1' on input line 50.
[1



]
Package cleveref Info: loaded `ngerman' language definitions on input line 50.
Package hyperref Info: Anchor `page.2' on input line 50.
 [2]
Package hyperref Info: Anchor `subsection.1.1.1' on input line 50.
Package hyperref Info: bookmark on input line 50:
(hyperref)             thecounter {1.1.1}
(hyperref)             text {\protect \numberline {\csname thesubsection\endcsn
ame }\@currenttocentry }
(hyperref)             reference {subsection.1.1.1}
(hyperref)             toclevel {2}
(hyperref)             type {toc}.
Package cleveref Info: loaded `ngerman' language definitions on input line 50.
Package hyperref Info: Anchor `page.3' on input line 50.
 [3]
Package hyperref Info: Anchor `section*.2' on input line 50.
Package hyperref Info: bookmark on input line 50:
(hyperref)             thecounter {1.1.1.0}
(hyperref)             text {\protect \nonumberline \@currenttocentry }
(hyperref)             reference {section*.2}
(hyperref)             toclevel {3}
(hyperref)             type {toc}.
Package cleveref Info: loaded `ngerman' language definitions on input line 50.
Package hyperref Info: Anchor `page.4' on input line 50.
 [4]
Package cleveref Info: loaded `ngerman' language definitions on input line 50.
Package hyperref Info: Anchor `page.5' on input line 50.
 [5]
Package hyperref Info: Anchor `section*.3' on input line 50.
Package hyperref Info: bookmark on input line 50:
(hyperref)             thecounter {1.1.1.0.0}
(hyperref)             text {\protect \nonumberline \@currenttocentry }
(hyperref)             reference {section*.3}
(hyperref)             toclevel {4}
(hyperref)             type {toc}.
Package cleveref Info: loaded `ngerman' language definitions on input line 50.
Package hyperref Info: Anchor `page.6' on input line 50.
 [6]
Package cleveref Info: loaded `ngerman' language definitions on input line 50.
Package hyperref Info: Anchor `page.7' on input line 50.
 [7]
Package hyperref Info: Anchor `section.1.2' on input line 50.
Package hyperref Info: bookmark on input line 50:
(hyperref)             thecounter {1.2}
(hyperref)             text {\protect \numberline {\csname thesection\endcsname
 }\@currenttocentry }
(hyperref)             reference {section.1.2}
(hyperref)             toclevel {1}
(hyperref)             type {toc}.
Package hyperref Info: Anchor `subsection.1.2.1' on input line 50.
Package hyperref Info: bookmark on input line 50:
(hyperref)             thecounter {1.2.1}
(hyperref)             text {\protect \numberline {\csname thesubsection\endcsn
ame }\@currenttocentry }
(hyperref)             reference {subsection.1.2.1}
(hyperref)             toclevel {2}
(hyperref)             type {toc}.
LaTeX Font Info:    Try loading font information for OMS+lmr on input line 50.
 ("G:\MiKTeX 2.9\tex/latex/lm\omslmr.fd"
File: omslmr.fd 2009/10/30 v1.6 Font defs for Latin Modern
)
LaTeX Font Info:    Font shape `OMS/lmr/m/n' in size <12> not available
(Font)              Font shape `OMS/lmsy/m/n' tried instead on input line 50.
Package cleveref Info: loaded `ngerman' language definitions on input line 50.
Package hyperref Info: Anchor `page.8' on input line 50.
 [8]
Package cleveref Info: loaded `ngerman' language definitions on input line 50.
Package hyperref Info: Anchor `page.9' on input line 50.

[9]
Package hyperref Info: Anchor `section*.4' on input line 50.
Package hyperref Info: bookmark on input line 50:
(hyperref)             thecounter {1.2.1.0}
(hyperref)             text {\protect \nonumberline \@currenttocentry }
(hyperref)             reference {section*.4}
(hyperref)             toclevel {3}
(hyperref)             type {toc}.
Package cleveref Info: loaded `ngerman' language definitions on input line 50.
Package hyperref Info: Anchor `page.10' on input line 50.
 [10]
Package cleveref Info: loaded `ngerman' language definitions on input line 50.
Package hyperref Info: Anchor `page.11' on input line 50.
 [11]
Package cleveref Info: loaded `ngerman' language definitions on input line 50.
Package hyperref Info: Anchor `page.12' on input line 50.
 [12]
Package hyperref Info: Anchor `subsection.1.2.2' on input line 50.
Package hyperref Info: bookmark on input line 50:
(hyperref)             thecounter {1.2.2}
(hyperref)             text {\protect \numberline {\csname thesubsection\endcsn
ame }\@currenttocentry }
(hyperref)             reference {subsection.1.2.2}
(hyperref)             toclevel {2}
(hyperref)             type {toc}.
Package hyperref Info: Anchor `Item.1' on input line 50.
Package hyperref Info: Anchor `Item.2' on input line 50.
Package hyperref Info: Anchor `Item.3' on input line 50.
Package cleveref Info: loaded `ngerman' language definitions on input line 50.
Package hyperref Info: Anchor `page.13' on input line 50.
 [13]
Package hyperref Info: Anchor `Item.4' on input line 50.
Package hyperref Info: Anchor `Item.5' on input line 50.
Package hyperref Info: Anchor `section*.5' on input line 50.
Package hyperref Info: bookmark on input line 50:
(hyperref)             thecounter {1.2.2.0}
(hyperref)             text {\protect \nonumberline \@currenttocentry }
(hyperref)             reference {section*.5}
(hyperref)             toclevel {3}
(hyperref)             type {toc}.
Package hyperref Info: Anchor `Item.6' on input line 50.
Package cleveref Info: loaded `ngerman' language definitions on input line 50.
Package hyperref Info: Anchor `page.14' on input line 50.
 [14]
Package hyperref Info: Anchor `Item.7' on input line 50.
Package hyperref Info: Anchor `Item.8' on input line 50.
Package hyperref Info: Anchor `Item.9' on input line 50.
Package cleveref Info: loaded `ngerman' language definitions on input line 50.
Package hyperref Info: Anchor `page.15' on input line 50.
 [15]
Package hyperref Info: Anchor `Item.10' on input line 50.
Package hyperref Info: Anchor `Item.11' on input line 50.
Package cleveref Info: loaded `ngerman' language definitions on input line 50.
Package hyperref Info: Anchor `page.16' on input line 50.
 [16]
Package hyperref Info: Anchor `Item.12' on input line 50.
Package hyperref Info: Anchor `Item.13' on input line 50.
Package hyperref Info: Anchor `subsection.1.2.3' on input line 50.
Package hyperref Info: bookmark on input line 50:
(hyperref)             thecounter {1.2.3}
(hyperref)             text {\protect \numberline {\csname thesubsection\endcsn
ame }\@currenttocentry }
(hyperref)             reference {subsection.1.2.3}
(hyperref)             toclevel {2}
(hyperref)             type {toc}.
Package cleveref Info: loaded `ngerman' language definitions on input line 50.
Package hyperref Info: Anchor `page.17' on input line 50.
 [17]
Package cleveref Info: loaded `ngerman' language definitions on input line 50.
Package hyperref Info: Anchor `page.18' on input line 50.
 [18]
Package hyperref Info: Anchor `section*.6' on input line 50.
Package hyperref Info: bookmark on input line 50:
(hyperref)             thecounter {1.2.3.0}
(hyperref)             text {\protect \nonumberline \@currenttocentry }
(hyperref)             reference {section*.6}
(hyperref)             toclevel {3}
(hyperref)             type {toc}.
Package cleveref Info: loaded `ngerman' language definitions on input line 50.
Package hyperref Info: Anchor `page.19' on input line 50.
 [19]
Package cleveref Info: loaded `ngerman' language definitions on input line 50.
Package hyperref Info: Anchor `page.20' on input line 50.
 [20]
Package cleveref Info: loaded `ngerman' language definitions on input line 50.
Package hyperref Info: Anchor `page.21' on input line 50.
 [21]
Package caption Info: \flushsubcaptionlistentries(AtEndDocument) on input line 
51.
Package cleveref Info: loaded `ngerman' language definitions on input line 51.
Package hyperref Info: Anchor `page.22' on input line 51.
 [22]
Package atveryend Info: Empty hook `BeforeClearDocument' on input line 51.
Package atveryend Info: Empty hook `AfterLastShipout' on input line 51.

(iodhbwm-hyperref.aux
Package cleveref Info: loaded `ngerman' language definitions on input line 22.
)
Package atveryend Info: Executing hook `AtVeryEndDocument' on input line 51.
Package atveryend Info: Executing hook `AtEndAfterFileList' on input line 51.
Package rerunfilecheck Info: File `iodhbwm-hyperref.out' has not changed.
(rerunfilecheck)             Checksum: D41D8CD98F00B204E9800998ECF8427E;0.
 ) 
Here is how much of TeX's memory you used:
 45671 strings out of 492957
 946845 string characters out of 3141980
 1361301 words of memory out of 3000000
 48820 multiletter control sequences out of 15000+200000
 580109 words of font info for 89 fonts, out of 3000000 for 9000
 1141 hyphenation exceptions out of 8191
 74i,19n,109p,9122b,1217s stack positions out of 5000i,500n,10000p,200000b,50000s
{G:/MiKTeX 2.9/fonts/enc/dvips/lm/lm-ec.enc}{G:/MiKTeX 2.9/fonts/enc/dvips/lm
/lm-mathsy.enc}<G:/MiKTeX 2.9/fonts/type1/public/lm/lmbx12.pfb><G:/MiKTeX 2.9/f
onts/type1/public/lm/lmr12.pfb><G:/MiKTeX 2.9/fonts/type1/public/lm/lmro12.pfb>
<G:/MiKTeX 2.9/fonts/type1/public/lm/lmssbx10.pfb><G:/MiKTeX 2.9/fonts/type1/pu
blic/lm/lmsy10.pfb>
Output written on iodhbwm-hyperref.pdf (23 pages, 164357 bytes).
PDF statistics:
 229 PDF objects out of 1000 (max. 8388607)
 49 named destinations out of 1000 (max. 500000)
 16597 words of extra memory for PDF output out of 17280 (max. 10000000)

